<?xml version="1.0" encoding="UTF-8"?>
<!-- Generated by org.testng.reporters.JUnitReportReporter -->
<testsuite hostname="Afzals-MacBook-Pro.local" name="com.learning.selenium.HelloWorldTest" tests="1" failures="0" timestamp="11 May 2017 14:28:19 GMT" time="1.991" errors="0">
  <testcase name="googleHelloWorldTest" time="1.991" classname="com.learning.selenium.HelloWorldTest"/>
</testsuite> <!-- com.learning.selenium.HelloWorldTest -->
